# JRE version: Java(TM) SE Runtime Environment (7.0_71-b14) (build 1.7.0_71-b14)
# Java VM: Java HotSpot(TM) 64-Bit Server VM (24.71-b01 mixed mode linux-amd64 compressed oops)
Heap
 PSYoungGen      total 36864K, used 36832K [0x00000007d6f00000, 0x00000007db700000, 0x0000000800000000)
  eden space 31744K, 100% used [0x00000007d6f00000,0x00000007d8e00000,0x00000007d8e00000)
  from space 5120K, 99% used [0x00000007d8e00000,0x00000007d92f8020,0x00000007d9300000)
  to   space 5120K, 100% used [0x00000007db200000,0x00000007db700000,0x00000007db700000)
 ParOldGen       total 1133056K, used 1053564K [0x0000000784e00000, 0x00000007ca080000, 0x00000007d6f00000)
  object space 1133056K, 92% used [0x0000000784e00000,0x00000007c52df140,0x00000007ca080000)
 PSPermGen       total 21504K, used 14120K [0x000000077fc00000, 0x0000000781100000, 0x0000000784e00000)
  object space 21504K, 65% used [0x000000077fc00000,0x00000007809ca098,0x0000000781100000)
GC Heap History (7 events):
Event: 0.764 GC heap before
{Heap before GC invocations=1 (full 0):
 PSYoungGen      total 36864K, used 31744K [0x00000007d6f00000, 0x00000007d9800000, 0x0000000800000000)
  eden space 31744K, 100% used [0x00000007d6f00000,0x00000007d8e00000,0x00000007d8e00000)
  from space 5120K, 0% used [0x00000007d9300000,0x00000007d9300000,0x00000007d9800000)
  to   space 5120K, 0% used [0x00000007d8e00000,0x00000007d8e00000,0x00000007d9300000)
 ParOldGen       total 83968K, used 0K [0x0000000784e00000, 0x000000078a000000, 0x00000007d6f00000)
  object space 83968K, 0% used [0x0000000784e00000,0x0000000784e00000,0x000000078a000000)
 PSPermGen       total 21504K, used 8063K [0x000000077fc00000, 0x0000000781100000, 0x0000000784e00000)
  object space 21504K, 37% used [0x000000077fc00000,0x00000007803dfd20,0x0000000781100000)
Event: 0.769 GC heap after
Heap after GC invocations=1 (full 0):
 PSYoungGen      total 36864K, used 5045K [0x00000007d6f00000, 0x00000007d9800000, 0x0000000800000000)
  eden space 31744K, 0% used [0x00000007d6f00000,0x00000007d6f00000,0x00000007d8e00000)
  from space 5120K, 98% used [0x00000007d8e00000,0x00000007d92ed598,0x00000007d9300000)
  to   space 5120K, 0% used [0x00000007d9300000,0x00000007d9300000,0x00000007d9800000)
 ParOldGen       total 83968K, used 8K [0x0000000784e00000, 0x000000078a000000, 0x00000007d6f00000)
  object space 83968K, 0% used [0x0000000784e00000,0x0000000784e02000,0x000000078a000000)
 PSPermGen       total 21504K, used 8063K [0x000000077fc00000, 0x0000000781100000, 0x0000000784e00000)
  object space 21504K, 37% used [0x000000077fc00000,0x00000007803dfd20,0x0000000781100000)
}
Event: 1.431 GC heap before
{Heap before GC invocations=2 (full 0):
 PSYoungGen      total 36864K, used 36789K [0x00000007d6f00000, 0x00000007d9800000, 0x0000000800000000)
  eden space 31744K, 100% used [0x00000007d6f00000,0x00000007d8e00000,0x00000007d8e00000)
  from space 5120K, 98% used [0x00000007d8e00000,0x00000007d92ed598,0x00000007d9300000)
  to   space 5120K, 0% used [0x00000007d9300000,0x00000007d9300000,0x00000007d9800000)
 ParOldGen       total 83968K, used 8K [0x0000000784e00000, 0x000000078a000000, 0x00000007d6f00000)
  object space 83968K, 0% used [0x0000000784e00000,0x0000000784e02000,0x000000078a000000)
 PSPermGen       total 21504K, used 12296K [0x000000077fc00000, 0x0000000781100000, 0x0000000784e00000)
  object space 21504K, 57% used [0x000000077fc00000,0x00000007808021f8,0x0000000781100000)
Event: 1.439 GC heap after
Heap after GC invocations=2 (full 0):
 PSYoungGen      total 36864K, used 5095K [0x00000007d6f00000, 0x00000007d9800000, 0x0000000800000000)
  eden space 31744K, 0% used [0x00000007d6f00000,0x00000007d6f00000,0x00000007d8e00000)
  from space 5120K, 99% used [0x00000007d9300000,0x00000007d97f9fd8,0x00000007d9800000)
  to   space 5120K, 0% used [0x00000007d8e00000,0x00000007d8e00000,0x00000007d9300000)
 ParOldGen       total 83968K, used 1603K [0x0000000784e00000, 0x000000078a000000, 0x00000007d6f00000)
  object space 83968K, 1% used [0x0000000784e00000,0x0000000784f90f68,0x000000078a000000)
 PSPermGen       total 21504K, used 12296K [0x000000077fc00000, 0x0000000781100000, 0x0000000784e00000)
  object space 21504K, 57% used [0x000000077fc00000,0x00000007808021f8,0x0000000781100000)
}
Event: 2.104 GC heap before
{Heap before GC invocations=3 (full 0):
 PSYoungGen      total 36864K, used 36839K [0x00000007d6f00000, 0x00000007d9800000, 0x0000000800000000)
  eden space 31744K, 100% used [0x00000007d6f00000,0x00000007d8e00000,0x00000007d8e00000)
  from space 5120K, 99% used [0x00000007d9300000,0x00000007d97f9fd8,0x00000007d9800000)
  to   space 5120K, 0% used [0x00000007d8e00000,0x00000007d8e00000,0x00000007d9300000)
 ParOldGen       total 83968K, used 1603K [0x0000000784e00000, 0x000000078a000000, 0x00000007d6f00000)
  object space 83968K, 1% used [0x0000000784e00000,0x0000000784f90f68,0x000000078a000000)
 PSPermGen       total 21504K, used 14049K [0x000000077fc00000, 0x0000000781100000, 0x0000000784e00000)
  object space 21504K, 65% used [0x000000077fc00000,0x00000007809b87c8,0x0000000781100000)
Event: 2.120 GC heap after
Heap after GC invocations=3 (full 0):
 PSYoungGen      total 36864K, used 5088K [0x00000007d6f00000, 0x00000007db700000, 0x0000000800000000)
  eden space 31744K, 0% used [0x00000007d6f00000,0x00000007d6f00000,0x00000007d8e00000)
  from space 5120K, 99% used [0x00000007d8e00000,0x00000007d92f8020,0x00000007d9300000)
  to   space 5120K, 0% used [0x00000007db200000,0x00000007db200000,0x00000007db700000)
 ParOldGen       total 83968K, used 3212K [0x0000000784e00000, 0x000000078a000000, 0x00000007d6f00000)
  object space 83968K, 3% used [0x0000000784e00000,0x0000000785123110,0x000000078a000000)
 PSPermGen       total 21504K, used 14049K [0x000000077fc00000, 0x0000000781100000, 0x0000000784e00000)
  object space 21504K, 65% used [0x000000077fc00000,0x00000007809b87c8,0x0000000781100000)
}
Event: 2.560 GC heap before
{Heap before GC invocations=4 (full 0):
 PSYoungGen      total 36864K, used 36832K [0x00000007d6f00000, 0x00000007db700000, 0x0000000800000000)
  eden space 31744K, 100% used [0x00000007d6f00000,0x00000007d8e00000,0x00000007d8e00000)
  from space 5120K, 99% used [0x00000007d8e00000,0x00000007d92f8020,0x00000007d9300000)
  to   space 5120K, 0% used [0x00000007db200000,0x00000007db200000,0x00000007db700000)
 ParOldGen       total 83968K, used 3212K [0x0000000784e00000, 0x000000078a000000, 0x00000007d6f00000)
  object space 83968K, 3% used [0x0000000784e00000,0x0000000785123110,0x000000078a000000)
 PSPermGen       total 21504K, used 14120K [0x000000077fc00000, 0x0000000781100000, 0x0000000784e00000)
  object space 21504K, 65% used [0x000000077fc00000,0x00000007809ca098,0x0000000781100000)

