# JRE version: Java(TM) SE Runtime Environment (7.0_71-b14) (build 1.7.0_71-b14)
# Java VM: Java HotSpot(TM) 64-Bit Server VM (24.71-b01 mixed mode linux-amd64 compressed oops)
Heap
 PSYoungGen      total 36864K, used 5714K [0x00000007d6f00000, 0x00000007db700000, 0x0000000800000000)
  eden space 31744K, 1% used [0x00000007d6f00000,0x00000007d6f9c8d0,0x00000007d8e00000)
  from space 5120K, 99% used [0x00000007d8e00000,0x00000007d92f8020,0x00000007d9300000)
  to   space 5120K, 0% used [0x00000007db200000,0x00000007db200000,0x00000007db700000)
 ParOldGen       total 83968K, used 3144K [0x0000000784e00000, 0x000000078a000000, 0x00000007d6f00000)
  object space 83968K, 3% used [0x0000000784e00000,0x0000000785112398,0x000000078a000000)
 PSPermGen       total 21504K, used 14053K [0x000000077fc00000, 0x0000000781100000, 0x0000000784e00000)
  object space 21504K, 65% used [0x000000077fc00000,0x00000007809b94d8,0x0000000781100000)
GC Heap History (6 events):
Event: 0.946 GC heap before
{Heap before GC invocations=1 (full 0):
 PSYoungGen      total 36864K, used 31744K [0x00000007d6f00000, 0x00000007d9800000, 0x0000000800000000)
  eden space 31744K, 100% used [0x00000007d6f00000,0x00000007d8e00000,0x00000007d8e00000)
  from space 5120K, 0% used [0x00000007d9300000,0x00000007d9300000,0x00000007d9800000)
  to   space 5120K, 0% used [0x00000007d8e00000,0x00000007d8e00000,0x00000007d9300000)
 ParOldGen       total 83968K, used 0K [0x0000000784e00000, 0x000000078a000000, 0x00000007d6f00000)
  object space 83968K, 0% used [0x0000000784e00000,0x0000000784e00000,0x000000078a000000)
 PSPermGen       total 21504K, used 8062K [0x000000077fc00000, 0x0000000781100000, 0x0000000784e00000)
  object space 21504K, 37% used [0x000000077fc00000,0x00000007803dfb18,0x0000000781100000)
Event: 0.955 GC heap after
Heap after GC invocations=1 (full 0):
 PSYoungGen      total 36864K, used 5058K [0x00000007d6f00000, 0x00000007d9800000, 0x0000000800000000)
  eden space 31744K, 0% used [0x00000007d6f00000,0x00000007d6f00000,0x00000007d8e00000)
  from space 5120K, 98% used [0x00000007d8e00000,0x00000007d92f0bc8,0x00000007d9300000)
  to   space 5120K, 0% used [0x00000007d9300000,0x00000007d9300000,0x00000007d9800000)
 ParOldGen       total 83968K, used 8K [0x0000000784e00000, 0x000000078a000000, 0x00000007d6f00000)
  object space 83968K, 0% used [0x0000000784e00000,0x0000000784e02000,0x000000078a000000)
 PSPermGen       total 21504K, used 8062K [0x000000077fc00000, 0x0000000781100000, 0x0000000784e00000)
  object space 21504K, 37% used [0x000000077fc00000,0x00000007803dfb18,0x0000000781100000)
}
Event: 1.735 GC heap before
{Heap before GC invocations=2 (full 0):
 PSYoungGen      total 36864K, used 36802K [0x00000007d6f00000, 0x00000007d9800000, 0x0000000800000000)
  eden space 31744K, 100% used [0x00000007d6f00000,0x00000007d8e00000,0x00000007d8e00000)
  from space 5120K, 98% used [0x00000007d8e00000,0x00000007d92f0bc8,0x00000007d9300000)
  to   space 5120K, 0% used [0x00000007d9300000,0x00000007d9300000,0x00000007d9800000)
 ParOldGen       total 83968K, used 8K [0x0000000784e00000, 0x000000078a000000, 0x00000007d6f00000)
  object space 83968K, 0% used [0x0000000784e00000,0x0000000784e02000,0x000000078a000000)
 PSPermGen       total 21504K, used 12306K [0x000000077fc00000, 0x0000000781100000, 0x0000000784e00000)
  object space 21504K, 57% used [0x000000077fc00000,0x0000000780804950,0x0000000781100000)
Event: 1.749 GC heap after
Heap after GC invocations=2 (full 0):
 PSYoungGen      total 36864K, used 5097K [0x00000007d6f00000, 0x00000007db700000, 0x0000000800000000)
  eden space 31744K, 0% used [0x00000007d6f00000,0x00000007d6f00000,0x00000007d8e00000)
  from space 5120K, 99% used [0x00000007d9300000,0x00000007d97fa780,0x00000007d9800000)
  to   space 5120K, 0% used [0x00000007d8e00000,0x00000007d8e00000,0x00000007d9300000)
 ParOldGen       total 83968K, used 1575K [0x0000000784e00000, 0x000000078a000000, 0x00000007d6f00000)
  object space 83968K, 1% used [0x0000000784e00000,0x0000000784f89f18,0x000000078a000000)
 PSPermGen       total 21504K, used 12306K [0x000000077fc00000, 0x0000000781100000, 0x0000000784e00000)
  object space 21504K, 57% used [0x000000077fc00000,0x0000000780804950,0x0000000781100000)
}
Event: 2.638 GC heap before
{Heap before GC invocations=3 (full 0):
 PSYoungGen      total 36864K, used 36841K [0x00000007d6f00000, 0x00000007db700000, 0x0000000800000000)
  eden space 31744K, 100% used [0x00000007d6f00000,0x00000007d8e00000,0x00000007d8e00000)
  from space 5120K, 99% used [0x00000007d9300000,0x00000007d97fa780,0x00000007d9800000)
  to   space 5120K, 0% used [0x00000007d8e00000,0x00000007d8e00000,0x00000007d9300000)
 ParOldGen       total 83968K, used 1575K [0x0000000784e00000, 0x000000078a000000, 0x00000007d6f00000)
  object space 83968K, 1% used [0x0000000784e00000,0x0000000784f89f18,0x000000078a000000)
 PSPermGen       total 21504K, used 14050K [0x000000077fc00000, 0x0000000781100000, 0x0000000784e00000)
  object space 21504K, 65% used [0x000000077fc00000,0x00000007809b89e0,0x0000000781100000)
Event: 2.660 GC heap after
Heap after GC invocations=3 (full 0):
 PSYoungGen      total 36864K, used 5088K [0x00000007d6f00000, 0x00000007db700000, 0x0000000800000000)
  eden space 31744K, 0% used [0x00000007d6f00000,0x00000007d6f00000,0x00000007d8e00000)
  from space 5120K, 99% used [0x00000007d8e00000,0x00000007d92f8020,0x00000007d9300000)
  to   space 5120K, 0% used [0x00000007db200000,0x00000007db200000,0x00000007db700000)
 ParOldGen       total 83968K, used 3144K [0x0000000784e00000, 0x000000078a000000, 0x00000007d6f00000)
  object space 83968K, 3% used [0x0000000784e00000,0x0000000785112398,0x000000078a000000)
 PSPermGen       total 21504K, used 14050K [0x000000077fc00000, 0x0000000781100000, 0x0000000784e00000)
  object space 21504K, 65% used [0x000000077fc00000,0x00000007809b89e0,0x0000000781100000)
}

